<?xml version="1.0" encoding="UTF-8"?>
<!-- Generated by org.testng.reporters.JUnitReportReporter -->
<testsuite hostname="Prems-MacBook-Pro.local" failures="0" tests="1" name="com.example.testng.Registration" time="30.578" errors="0" timestamp="2022-10-13T21:28:10 IST" skipped="0">
  <testcase classname="com.example.testng.Registration" name="registration" time="30.578"/>
  <system-out/>
</testsuite> <!-- com.example.testng.Registration -->
