<?xml version="1.0" encoding="UTF-8"?>
<!-- Generated by org.testng.reporters.JUnitReportReporter -->
<testsuite hostname="Prems-MacBook-Pro.local" failures="0" tests="1" name="com.example.testng.Update" time="28.766" errors="0" timestamp="2022-10-13T21:32:36 IST" skipped="0">
  <testcase classname="com.example.testng.Update" name="update" time="28.766"/>
  <system-out/>
</testsuite> <!-- com.example.testng.Update -->
