<?xml version="1.0" encoding="UTF-8"?>
<!-- Generated by org.testng.reporters.JUnitReportReporter -->
<testsuite hostname="Prems-MacBook-Pro.local" failures="0" tests="1" name="com.example.testng.Delete" time="25.407" errors="0" timestamp="2022-10-13T21:35:53 IST" skipped="0">
  <testcase classname="com.example.testng.Delete" name="delete" time="25.407"/>
  <system-out/>
</testsuite> <!-- com.example.testng.Delete -->
